Сборка начата 25.11.2018 22:22:20.
     1>Проект "c:\Users\chere\documents\visual studio 2013\Projects\bmb_smaller_CUDA\bmb_smaller_CUDA\bmb_smaller_CUDA.vcxproj" в узле 2 (целевые объекты Build).
     1>AddCudaCompileDeps:
         C:\Program Files (x86)\Microsoft Visual Studio 12.0\VC\bin\x86_amd64\cl.exe /E /nologo /showIncludes /TP /D__CUDACC__ /DWIN32 /DWIN64 /D_DEBUG /D_CONSOLE /D_MBCS /I"C:\Program Files\NVIDIA GPU Computing Toolkit\CUDA\v8.0\include" /I"C:\Program Files\NVIDIA GPU Computing Toolkit\CUDA\v8.0\bin" /I"C:\Program Files\NVIDIA GPU Computing Toolkit\CUDA\v8.0\include" /I. /FIcuda_runtime.h /c "c:\Users\chere\documents\visual studio 2013\Projects\bmb_smaller_CUDA\bmb_smaller_CUDA\kernel.cu" 
     1>Проект "c:\Users\chere\documents\visual studio 2013\Projects\bmb_smaller_CUDA\bmb_smaller_CUDA\bmb_smaller_CUDA.vcxproj" (1) выполняет сборку "c:\Users\chere\documents\visual studio 2013\Projects\bmb_smaller_CUDA\bmb_smaller_CUDA\bmb_smaller_CUDA.vcxproj" (1:2) в узле 2 (целевые объекты CudaBuildCore).
     1>CudaBuildCore:
         Compiling CUDA source file kernel.cu...
         cmd.exe /C "C:\Users\chere\AppData\Local\Temp\tmp6c49b70711dc4aac92d6705db2b8d8e1.cmd"
         "C:\Program Files\NVIDIA GPU Computing Toolkit\CUDA\v8.0\bin\nvcc.exe" -gencode=arch=compute_20,code=\"sm_20,compute_20\" --use-local-env --cl-version 2013 -ccbin "C:\Program Files (x86)\Microsoft Visual Studio 12.0\VC\bin\x86_amd64"  -I"C:\Program Files\NVIDIA GPU Computing Toolkit\CUDA\v8.0\include" -I"C:\Program Files\NVIDIA GPU Computing Toolkit\CUDA\v8.0\include"  -G   --keep-dir x64\Debug -maxrregcount=0  --machine 64 --compile -cudart static  -g   -DWIN32 -DWIN64 -D_DEBUG -D_CONSOLE -D_MBCS -Xcompiler "/EHsc /W3 /nologo /Od /FS /Zi /RTC1 /MDd " -o x64\Debug\kernel.cu.obj "c:\Users\chere\documents\visual studio 2013\Projects\bmb_smaller_CUDA\bmb_smaller_CUDA\kernel.cu"
         
         c:\Users\chere\documents\visual studio 2013\Projects\bmb_smaller_CUDA\bmb_smaller_CUDA>"C:\Program Files\NVIDIA GPU Computing Toolkit\CUDA\v8.0\bin\nvcc.exe" -gencode=arch=compute_20,code=\"sm_20,compute_20\" --use-local-env --cl-version 2013 -ccbin "C:\Program Files (x86)\Microsoft Visual Studio 12.0\VC\bin\x86_amd64"  -I"C:\Program Files\NVIDIA GPU Computing Toolkit\CUDA\v8.0\include" -I"C:\Program Files\NVIDIA GPU Computing Toolkit\CUDA\v8.0\include"  -G   --keep-dir x64\Debug -maxrregcount=0  --machine 64 --compile -cudart static  -g   -DWIN32 -DWIN64 -D_DEBUG -D_CONSOLE -D_MBCS -Xcompiler "/EHsc /W3 /nologo /Od /FS /Zi /RTC1 /MDd " -o x64\Debug\kernel.cu.obj "c:\Users\chere\documents\visual studio 2013\Projects\bmb_smaller_CUDA\bmb_smaller_CUDA\kernel.cu" 
     1>c:/Users/chere/documents/visual studio 2013/Projects/bmb_smaller_CUDA/bmb_smaller_CUDA/kernel.cu(62): warning : variable "null" was declared but never referenced
     1>c:/Users/chere/documents/visual studio 2013/Projects/bmb_smaller_CUDA/bmb_smaller_CUDA/kernel.cu(62): warning : variable "null" was declared but never referenced
     1>CUDACOMPILE : nvcc warning : The 'compute_20', 'sm_20', and 'sm_21' architectures are deprecated, and may be removed in a future release (Use -Wno-deprecated-gpu-targets to suppress warning).
         kernel.cu
     1>c:/Users/chere/documents/visual studio 2013/Projects/bmb_smaller_CUDA/bmb_smaller_CUDA/kernel.cu(170): warning C4244: инициализация: преобразование "float" в "unsigned int", возможна потеря данных
     1>c:/Users/chere/documents/visual studio 2013/Projects/bmb_smaller_CUDA/bmb_smaller_CUDA/kernel.cu(174): warning C4244: инициализация: преобразование "float" в "unsigned int", возможна потеря данных
     1>c:/Users/chere/documents/visual studio 2013/Projects/bmb_smaller_CUDA/bmb_smaller_CUDA/kernel.cu(175): warning C4244: инициализация: преобразование "float" в "unsigned int", возможна потеря данных
     1>c:/Users/chere/documents/visual studio 2013/Projects/bmb_smaller_CUDA/bmb_smaller_CUDA/kernel.cu(179): warning C4244: инициализация: преобразование "float" в "unsigned int", возможна потеря данных
     1>c:/Users/chere/documents/visual studio 2013/Projects/bmb_smaller_CUDA/bmb_smaller_CUDA/kernel.cu(200): warning C4244: аргумент: преобразование "float" в "int", возможна потеря данных
     1>c:/Users/chere/documents/visual studio 2013/Projects/bmb_smaller_CUDA/bmb_smaller_CUDA/kernel.cu(201): warning C4244: аргумент: преобразование "float" в "int", возможна потеря данных
     1>c:/Users/chere/documents/visual studio 2013/Projects/bmb_smaller_CUDA/bmb_smaller_CUDA/kernel.cu(202): warning C4244: аргумент: преобразование "float" в "int", возможна потеря данных
     1>Сборка проекта "c:\Users\chere\documents\visual studio 2013\Projects\bmb_smaller_CUDA\bmb_smaller_CUDA\bmb_smaller_CUDA.vcxproj" завершена (целевые объекты CudaBuildCore).
     1>Link:
         C:\Program Files (x86)\Microsoft Visual Studio 12.0\VC\bin\x86_amd64\link.exe /ERRORREPORT:PROMPT /OUT:"c:\users\chere\documents\visual studio 2013\Projects\bmb_smaller_CUDA\x64\Debug\bmb_smaller_CUDA.exe" /INCREMENTAL /NOLOGO /LIBPATH:"C:\Program Files\NVIDIA GPU Computing Toolkit\CUDA\v8.0\lib\x64" cudart.lib kernel32.lib user32.lib gdi32.lib winspool.lib comdlg32.lib advapi32.lib shell32.lib ole32.lib oleaut32.lib uuid.lib odbc32.lib odbccp32.lib kernel32.lib user32.lib gdi32.lib winspool.lib comdlg32.lib advapi32.lib shell32.lib ole32.lib oleaut32.lib uuid.lib odbc32.lib odbccp32.lib /MANIFEST /MANIFESTUAC:"level='asInvoker' uiAccess='false'" /manifest:embed /DEBUG /PDB:"c:\users\chere\documents\visual studio 2013\Projects\bmb_smaller_CUDA\x64\Debug\bmb_smaller_CUDA.pdb" /SUBSYSTEM:CONSOLE /TLBID:1 /DYNAMICBASE /NXCOMPAT /IMPLIB:"c:\users\chere\documents\visual studio 2013\Projects\bmb_smaller_CUDA\x64\Debug\bmb_smaller_CUDA.lib" /MACHINE:X64 x64\Debug\kernel.cu.obj
         bmb_smaller_CUDA.vcxproj -> c:\users\chere\documents\visual studio 2013\Projects\bmb_smaller_CUDA\x64\Debug\bmb_smaller_CUDA.exe
       PostBuildEvent:
         echo copy "C:\Program Files\NVIDIA GPU Computing Toolkit\CUDA\v8.0\bin\cudart*.dll" "c:\users\chere\documents\visual studio 2013\Projects\bmb_smaller_CUDA\x64\Debug\"
         copy "C:\Program Files\NVIDIA GPU Computing Toolkit\CUDA\v8.0\bin\cudart*.dll" "c:\users\chere\documents\visual studio 2013\Projects\bmb_smaller_CUDA\x64\Debug\"
         :VCEnd
         copy "C:\Program Files\NVIDIA GPU Computing Toolkit\CUDA\v8.0\bin\cudart*.dll" "c:\users\chere\documents\visual studio 2013\Projects\bmb_smaller_CUDA\x64\Debug\"
         C:\Program Files\NVIDIA GPU Computing Toolkit\CUDA\v8.0\bin\cudart32_80.dll
         C:\Program Files\NVIDIA GPU Computing Toolkit\CUDA\v8.0\bin\cudart64_80.dll
         Скопировано файлов:         2.
     1>Сборка проекта "c:\Users\chere\documents\visual studio 2013\Projects\bmb_smaller_CUDA\bmb_smaller_CUDA\bmb_smaller_CUDA.vcxproj" завершена (целевые объекты Build).

Сборка успешно завершена.

Затраченное время: 00:00:11.48
